Arguments: 
  C:\Program Files\nodejs\node.exe C:\Users\ujjwa\AppData\Roaming\npm\node_modules\yarn\bin\yarn.js

PATH: 
  C:\WINDOWS\system32;C:\WINDOWS;C:\WINDOWS\System32\Wbem;C:\WINDOWS\System32\WindowsPowerShell\v1.0\;C:\WINDOWS\System32\OpenSSH\;C:\Program Files\nodejs\;C:\Program Files\Git\cmd;C:\Users\ujjwa\AppData\Local\Microsoft\WindowsApps;C:\Users\ujjwa\AppData\Roaming\npm;C:\Users\ujjwa\AppData\Local\Programs\Microsoft VS Code\bin;C:\Users\ujjwa\AppData\Local\Programs\Python\Python310;C:\Users\ujjwa\AppData\Local\Programs\Python\Python310\Scripts;;C:\Program Files\JetBrains\PyCharm Community Edition 2022.1.2\bin;

Yarn version: 
  1.22.19

Node version: 
  16.15.1

Platform: 
  win32 x64

Trace: 
  SyntaxError: C:\Users\ujjwa\OneDrive\Desktop\ujj\package.json: Unexpected token } in JSON at position 1733
      at JSON.parse (<anonymous>)
      at C:\Users\ujjwa\AppData\Roaming\npm\node_modules\yarn\lib\cli.js:1629:59
      at Generator.next (<anonymous>)
      at step (C:\Users\ujjwa\AppData\Roaming\npm\node_modules\yarn\lib\cli.js:310:30)
      at C:\Users\ujjwa\AppData\Roaming\npm\node_modules\yarn\lib\cli.js:321:13

npm manifest: 
  {
    "name": "temp",
    "private": true,
    "version": "1.0",
    "scripts": {
      "start": "webpack serve --config webpack/webpack.config.js --env env=dev",
      "build": "webpack --config webpack/webpack.config.js --env env=prod",
      "test": "react-scripts test",
      "eject": "react-scripts eject"
    },
    "dependencies": {
      "@babel/plugin-proposal-decorators": "^7.16.4",
      "@esbuild-plugins/node-globals-polyfill": "^0.1.1",
      "@esbuild-plugins/node-modules-polyfill": "^0.1.4",
      "@reduxjs/toolkit": "^1.8.0",
      "@testing-library/jest-dom": "^5.11.4",
      "@testing-library/react": "^11.1.0",
      "@testing-library/user-event": "^12.1.10",
      "@types/jest": "^26.0.15",
      "@types/node": "^12.0.0",
      "@types/react": "^17.0.33",
      "@types/react-dom": "^17.0.10",
      "@types/react-table": "^7.7.10",
      "@types/styled-components": "^5.1.17",
      "@web3-react/core": "^6.1.9",
      "@web3-react/injected-connector": "^6.0.7",
      "@web3-react/walletconnect-connector": "6.2.4",
      "babel-plugin-styled-components": "^2.0.1",
      "css-loader": "^6.5.0",
      "dateformat": "^5.0.3",
      "dotenv": "^16.0.1",
      "json-loader": "^0.5.7",
      "path": "^0.12.7",
      "polished": "^4.1.4",
      "react": "^17.0.2",
      "react-dom": "^17.0.2",
      "react-lottie": "^1.2.3",
      "react-multi-carousel": "^2.2.6",
      "react-phone-input-2": "^2.15.0",
      "react-redux": "^7.2.6",
      "react-router-dom": "6",
      "react-scripts": "4.0.3",
      "react-table": "^7.7.0",
      "style-loader": "^3.3.1",
      "styled-components": "^5.3.0",
      "typescript": "^4.5.4",
      "web-vitals": "^1.0.1",
      "web3": "^1.7.1",
      "web3-react": "^5.0.5",
      "bootstrap": "^5.1.3",
      "ethers": "^5.6.9",
      "react-bootstrap": "^2.4.0",
    },
    "devDependencies": {
      "@babel/core": "^7.16.0",
      "@babel/plugin-transform-runtime": "^7.16.0",
      "@babel/preset-env": "^7.16.0",
      "@babel/preset-react": "^7.16.0",
      "@babel/preset-typescript": "^7.16.0",
      "@types/jest": "^26.0.15",
      "@types/node": "^12.0.0",
      "@types/react": "^18.0.8",
      "@types/react-datepicker": "^4.4.1",
      "@types/react-dom": "^18.0.3",
      "@types/react-table": "^7.7.10",
      "@types/styled-components": "^5.1.17",
      "babel-loader": "^8.2.3",
      "html-webpack-plugin": "^5.5.0",
      "webpack": "^5.64.4",
      "webpack-cli": "^4.9.1",
      "webpack-dev-server": "^4.4.0"
    }
  }

yarn manifest: 
  No manifest

Lockfile: 
  No lockfile
